2025/11/04 10:51:40 Запуск команды: [sudo]
2025/11/04 10:51:40 Размер терминала: 208x54
2025/11/04 10:51:40 PTY успешно создан, команда запущена
2025/11/04 10:51:40 PTY I/O ошибка: read /dev/ptmx: input/output error, попытка 1/3
2025/11/04 10:51:40 PTY I/O ошибка: read /dev/ptmx: input/output error, попытка 2/3
2025/11/04 10:51:40 PTY I/O ошибка: read /dev/ptmx: input/output error, попытка 3/3
2025/11/04 10:51:40 Превышено максимальное количество попыток чтения из PTY
2025/11/04 10:51:40 Завершение PTY goroutine
2025/11/04 10:56:13 Запуск команды: [sudo mv termgo /usr/local/bin]
2025/11/04 10:56:13 Размер терминала: 208x54
2025/11/04 10:56:13 PTY успешно создан, команда запущена
2025/11/04 10:56:20 PTY I/O ошибка: read /dev/ptmx: input/output error, попытка 1/3
2025/11/04 10:56:20 PTY I/O ошибка: read /dev/ptmx: input/output error, попытка 2/3
2025/11/04 10:56:20 PTY I/O ошибка: read /dev/ptmx: input/output error, попытка 3/3
2025/11/04 10:56:20 Превышено максимальное количество попыток чтения из PTY
2025/11/04 10:56:20 Завершение PTY goroutine
2025/11/04 10:59:58 Запуск команды: [sudo apt autoremove\]
2025/11/04 10:59:58 Размер терминала: 208x54
2025/11/04 10:59:58 PTY успешно создан, команда запущена
2025/11/04 11:00:28 PTY I/O ошибка: read /dev/ptmx: input/output error, попытка 1/3
2025/11/04 11:00:28 PTY I/O ошибка: read /dev/ptmx: input/output error, попытка 2/3
2025/11/04 11:00:29 PTY I/O ошибка: read /dev/ptmx: input/output error, попытка 3/3
2025/11/04 11:00:29 Превышено максимальное количество попыток чтения из PTY
2025/11/04 11:00:29 Завершение PTY goroutine
2025/11/04 11:00:48 Запуск команды: [sudo apt autoremove]
2025/11/04 11:00:48 Размер терминала: 208x54
2025/11/04 11:00:48 PTY успешно создан, команда запущена
2025/11/04 11:00:56 PTY I/O ошибка: read /dev/ptmx: input/output error, попытка 1/3
2025/11/04 11:00:56 PTY I/O ошибка: read /dev/ptmx: input/output error, попытка 2/3
2025/11/04 11:00:57 PTY I/O ошибка: read /dev/ptmx: input/output error, попытка 3/3
2025/11/04 11:00:57 Превышено максимальное количество попыток чтения из PTY
2025/11/04 11:00:57 Завершение PTY goroutine
2025/11/04 11:04:12 Запуск команды: [sudo apt autoremove]
2025/11/04 11:04:12 Размер терминала: 208x54
2025/11/04 11:04:12 PTY успешно создан, команда запущена
2025/11/04 11:04:19 PTY I/O ошибка: read /dev/ptmx: input/output error, попытка 1/3
2025/11/04 11:04:19 PTY I/O ошибка: read /dev/ptmx: input/output error, попытка 2/3
2025/11/04 11:04:19 PTY I/O ошибка: read /dev/ptmx: input/output error, попытка 3/3
2025/11/04 11:04:19 Превышено максимальное количество попыток чтения из PTY
2025/11/04 11:04:19 Завершение PTY goroutine
2025/11/04 11:04:31 Запуск команды: [sudo apt autoremove]
2025/11/04 11:04:31 Размер терминала: 208x54
2025/11/04 11:04:31 PTY успешно создан, команда запущена
2025/11/04 11:04:37 PTY I/O ошибка: read /dev/ptmx: input/output error, попытка 1/3
2025/11/04 11:04:37 PTY I/O ошибка: read /dev/ptmx: input/output error, попытка 2/3
2025/11/04 11:04:37 PTY I/O ошибка: read /dev/ptmx: input/output error, попытка 3/3
2025/11/04 11:04:37 Превышено максимальное количество попыток чтения из PTY
2025/11/04 11:04:37 Завершение PTY goroutine
2025/11/04 11:12:30 Запуск команды: [sudo apt autoremove]
2025/11/04 11:12:30 Размер терминала: 208x54
2025/11/04 11:12:30 PTY успешно создан, команда запущена
2025/11/04 11:12:43 PTY I/O ошибка: read /dev/ptmx: input/output error, попытка 1/3
2025/11/04 11:12:43 PTY I/O ошибка: read /dev/ptmx: input/output error, попытка 2/3
2025/11/04 11:12:43 PTY I/O ошибка: read /dev/ptmx: input/output error, попытка 3/3
2025/11/04 11:12:43 Превышено максимальное количество попыток чтения из PTY
2025/11/04 11:12:43 Завершение PTY goroutine
2025/11/04 11:22:01 Запуск команды: [sudo apt autoremove]
2025/11/04 11:22:01 Размер терминала: 208x54
2025/11/04 11:22:01 PTY успешно создан, команда запущена
2025/11/04 11:22:07 PTY I/O ошибка: read /dev/ptmx: input/output error, попытка 1/3
2025/11/04 11:22:07 PTY I/O ошибка: read /dev/ptmx: input/output error, попытка 2/3
2025/11/04 11:22:07 PTY I/O ошибка: read /dev/ptmx: input/output error, попытка 3/3
2025/11/04 11:22:07 Превышено максимальное количество попыток чтения из PTY
2025/11/04 11:22:07 Завершение PTY goroutine
2025/11/04 11:26:27 Запуск команды: [sudo apt autoremove]
2025/11/04 11:26:27 Размер терминала: 208x54
2025/11/04 11:26:27 PTY успешно создан, команда запущена
2025/11/04 11:26:37 PTY I/O ошибка: read /dev/ptmx: input/output error, попытка 1/3
2025/11/04 11:26:37 PTY I/O ошибка: read /dev/ptmx: input/output error, попытка 2/3
2025/11/04 11:26:37 PTY I/O ошибка: read /dev/ptmx: input/output error, попытка 3/3
2025/11/04 11:26:37 Превышено максимальное количество попыток чтения из PTY
2025/11/04 11:26:37 Завершение PTY goroutine
2025/11/04 12:15:02 Начало processPtyCommand: [sudo apt autoremove]
2025/11/04 12:15:02 Размер терминала: 207x54
2025/11/04 12:15:02 PTY успешно создан, команда запущена
2025/11/04 12:15:02 Завершение processPtyCommand
2025/11/04 12:15:02 Начало handlePtyOutput
2025/11/04 12:15:02 Получено 26 байт данных из PTY
2025/11/04 12:15:06 Получено 2 байт данных из PTY
2025/11/04 12:15:06 Получено 29 байт данных из PTY
2025/11/04 12:15:06 Получено 62 байт данных из PTY
2025/11/04 12:15:06 Получено 64 байт данных из PTY
2025/11/04 12:15:07 Получено 66 байт данных из PTY
2025/11/04 12:15:07 Получено 66 байт данных из PTY
2025/11/04 12:15:07 Получено 33 байт данных из PTY
2025/11/04 12:15:07 Получено 33 байт данных из PTY
2025/11/04 12:15:08 Получено 72 байт данных из PTY
2025/11/04 12:15:08 PTY I/O ошибка: read /dev/ptmx: input/output error, попытка 1/5
2025/11/04 12:15:08 PTY I/O ошибка: read /dev/ptmx: input/output error, попытка 2/5
2025/11/04 12:15:08 PTY I/O ошибка: read /dev/ptmx: input/output error, попытка 3/5
2025/11/04 12:15:08 PTY I/O ошибка: read /dev/ptmx: input/output error, попытка 4/5
2025/11/04 12:15:08 PTY I/O ошибка: read /dev/ptmx: input/output error, попытка 5/5
2025/11/04 12:15:08 Превышено максимальное количество попыток чтения из PTY
2025/11/04 12:15:08 Завершение PTY goroutine
2025/11/04 12:15:08 Завершение handlePtyOutput
2025/11/04 12:15:55 Начало processPtyCommand: [sudo apt install xkb-switch]
2025/11/04 12:15:55 Размер терминала: 207x54
2025/11/04 12:15:55 PTY успешно создан, команда запущена
2025/11/04 12:15:55 Завершение processPtyCommand
2025/11/04 12:15:55 Начало handlePtyOutput
2025/11/04 12:15:55 Получено 26 байт данных из PTY
2025/11/04 12:16:04 Получено 2 байт данных из PTY
2025/11/04 12:16:04 Получено 29 байт данных из PTY
2025/11/04 12:16:04 Получено 62 байт данных из PTY
2025/11/04 12:16:04 Получено 64 байт данных из PTY
2025/11/04 12:16:04 Получено 66 байт данных из PTY
2025/11/04 12:16:05 Получено 99 байт данных из PTY
2025/11/04 12:16:05 Получено 33 байт данных из PTY
2025/11/04 12:16:05 Получено 63 байт данных из PTY
2025/11/04 12:16:05 PTY I/O ошибка: read /dev/ptmx: input/output error, попытка 1/5
2025/11/04 12:16:05 PTY I/O ошибка: read /dev/ptmx: input/output error, попытка 2/5
2025/11/04 12:16:05 PTY I/O ошибка: read /dev/ptmx: input/output error, попытка 3/5
2025/11/04 12:16:05 PTY I/O ошибка: read /dev/ptmx: input/output error, попытка 4/5
2025/11/04 12:16:05 PTY I/O ошибка: read /dev/ptmx: input/output error, попытка 5/5
2025/11/04 12:16:05 Превышено максимальное количество попыток чтения из PTY
2025/11/04 12:16:05 Завершение PTY goroutine
2025/11/04 12:16:05 Завершение handlePtyOutput
2025/11/04 12:17:04 Начало processPtyCommand: [sudo apt install xkb-switch]
2025/11/04 12:17:04 Размер терминала: 207x54
2025/11/04 12:17:04 PTY успешно создан, команда запущена
2025/11/04 12:17:04 Завершение processPtyCommand
2025/11/04 12:17:04 Начало handlePtyOutput
2025/11/04 12:17:04 Получено 26 байт данных из PTY
2025/11/04 12:17:38 Получено 2 байт данных из PTY
2025/11/04 12:17:38 Получено 30 байт данных из PTY
2025/11/04 12:17:38 PTY I/O ошибка: read /dev/ptmx: input/output error, попытка 1/5
2025/11/04 12:17:38 PTY I/O ошибка: read /dev/ptmx: input/output error, попытка 2/5
2025/11/04 12:17:38 PTY I/O ошибка: read /dev/ptmx: input/output error, попытка 3/5
2025/11/04 12:17:38 PTY I/O ошибка: read /dev/ptmx: input/output error, попытка 4/5
2025/11/04 12:17:38 PTY I/O ошибка: read /dev/ptmx: input/output error, попытка 5/5
2025/11/04 12:17:38 Превышено максимальное количество попыток чтения из PTY
2025/11/04 12:17:38 Завершение PTY goroutine
2025/11/04 12:17:38 Завершение handlePtyOutput
2025/11/04 12:24:40 Начало processPtyCommand: [sudo apt autoremove]
2025/11/04 12:24:40 Размер терминала: 207x54
2025/11/04 12:24:40 PTY успешно создан, команда запущена
2025/11/04 12:24:40 Завершение processPtyCommand
2025/11/04 12:24:40 Начало handlePtyOutput
2025/11/04 12:24:40 Получено 26 байт данных из PTY
2025/11/04 12:24:45 Получено 2 байт данных из PTY
2025/11/04 12:24:45 Получено 29 байт данных из PTY
2025/11/04 12:24:45 Получено 62 байт данных из PTY
2025/11/04 12:24:45 Получено 64 байт данных из PTY
2025/11/04 12:24:45 Получено 66 байт данных из PTY
2025/11/04 12:24:46 Получено 66 байт данных из PTY
2025/11/04 12:24:46 Получено 33 байт данных из PTY
2025/11/04 12:24:46 Получено 33 байт данных из PTY
2025/11/04 12:24:47 Получено 72 байт данных из PTY
2025/11/04 12:24:47 PTY I/O ошибка: read /dev/ptmx: input/output error, попытка 1/5
2025/11/04 12:24:47 PTY I/O ошибка: read /dev/ptmx: input/output error, попытка 2/5
2025/11/04 12:24:47 PTY I/O ошибка: read /dev/ptmx: input/output error, попытка 3/5
2025/11/04 12:24:47 PTY I/O ошибка: read /dev/ptmx: input/output error, попытка 4/5
2025/11/04 12:24:47 PTY I/O ошибка: read /dev/ptmx: input/output error, попытка 5/5
2025/11/04 12:24:47 Превышено максимальное количество попыток чтения из PTY
2025/11/04 12:24:47 Завершение PTY goroutine
2025/11/04 12:24:47 Завершение handlePtyOutput
2025/11/04 12:27:40 Начало processPtyCommand: [sudo mv termgo /usr/local/bin]
2025/11/04 12:27:40 Размер терминала: 207x54
2025/11/04 12:27:40 PTY успешно создан, команда запущена
2025/11/04 12:27:40 Завершение processPtyCommand
2025/11/04 12:27:40 Начало handlePtyOutput
2025/11/04 12:27:40 Получено 26 байт данных из PTY
2025/11/04 12:27:49 Получено 2 байт данных из PTY
2025/11/04 12:27:49 PTY I/O ошибка: read /dev/ptmx: input/output error, попытка 1/5
2025/11/04 12:27:49 PTY I/O ошибка: read /dev/ptmx: input/output error, попытка 2/5
2025/11/04 12:27:49 PTY I/O ошибка: read /dev/ptmx: input/output error, попытка 3/5
2025/11/04 12:27:49 PTY I/O ошибка: read /dev/ptmx: input/output error, попытка 4/5
2025/11/04 12:27:50 PTY I/O ошибка: read /dev/ptmx: input/output error, попытка 5/5
2025/11/04 12:27:50 Превышено максимальное количество попыток чтения из PTY
2025/11/04 12:27:50 Завершение PTY goroutine
2025/11/04 12:27:50 Завершение handlePtyOutput
2025/11/04 12:28:21 Начало processPtyCommand: [sudo mv termgo /usr/local/bin]
2025/11/04 12:28:21 Размер терминала: 207x54
2025/11/04 12:28:21 PTY успешно создан, команда запущена
2025/11/04 12:28:21 Завершение processPtyCommand
2025/11/04 12:28:21 Начало handlePtyOutput
2025/11/04 12:28:22 Получено 26 байт данных из PTY
2025/11/04 12:29:30 Получено 2 байт данных из PTY
2025/11/04 12:29:30 Получено 30 байт данных из PTY
2025/11/04 12:29:30 PTY I/O ошибка: read /dev/ptmx: input/output error, попытка 1/5
2025/11/04 12:29:30 PTY I/O ошибка: read /dev/ptmx: input/output error, попытка 2/5
2025/11/04 12:29:30 PTY I/O ошибка: read /dev/ptmx: input/output error, попытка 3/5
2025/11/04 12:29:30 PTY I/O ошибка: read /dev/ptmx: input/output error, попытка 4/5
2025/11/04 12:29:30 PTY I/O ошибка: read /dev/ptmx: input/output error, попытка 5/5
2025/11/04 12:29:30 Превышено максимальное количество попыток чтения из PTY
2025/11/04 12:29:30 Завершение PTY goroutine
2025/11/04 12:29:30 Завершение handlePtyOutput
2025/11/04 12:31:19 Начало processPtyCommand: [sudo apt autoremove]
2025/11/04 12:31:19 Размер терминала: 208x54
2025/11/04 12:31:19 PTY успешно создан, команда запущена
2025/11/04 12:31:19 Завершение processPtyCommand
2025/11/04 12:31:19 Начало handlePtyOutput
2025/11/04 12:31:19 Получено 26 байт данных из PTY
2025/11/04 12:31:23 Получено 2 байт данных из PTY
2025/11/04 12:31:23 Получено 29 байт данных из PTY
2025/11/04 12:31:23 Получено 62 байт данных из PTY
2025/11/04 12:31:23 Получено 64 байт данных из PTY
2025/11/04 12:31:23 Получено 66 байт данных из PTY
2025/11/04 12:31:24 Получено 66 байт данных из PTY
2025/11/04 12:31:24 Получено 33 байт данных из PTY
2025/11/04 12:31:24 Получено 33 байт данных из PTY
2025/11/04 12:31:24 Получено 72 байт данных из PTY
2025/11/04 12:31:24 PTY I/O ошибка: read /dev/ptmx: input/output error, попытка 1/5
2025/11/04 12:31:24 PTY I/O ошибка: read /dev/ptmx: input/output error, попытка 2/5
2025/11/04 12:31:25 PTY I/O ошибка: read /dev/ptmx: input/output error, попытка 3/5
2025/11/04 12:31:25 PTY I/O ошибка: read /dev/ptmx: input/output error, попытка 4/5
2025/11/04 12:31:25 PTY I/O ошибка: read /dev/ptmx: input/output error, попытка 5/5
2025/11/04 12:31:25 Превышено максимальное количество попыток чтения из PTY
2025/11/04 12:31:25 Завершение PTY goroutine
2025/11/04 12:31:25 Завершение handlePtyOutput
2025/11/04 12:31:30 Начало processPtyCommand: [sudo apt autoremove]
2025/11/04 12:31:30 Размер терминала: 208x54
2025/11/04 12:31:30 PTY успешно создан, команда запущена
2025/11/04 12:31:30 Завершение processPtyCommand
2025/11/04 12:31:30 Начало handlePtyOutput
2025/11/04 12:31:30 Получено 26 байт данных из PTY
2025/11/04 12:31:34 Получено 2 байт данных из PTY
2025/11/04 12:31:34 Получено 29 байт данных из PTY
2025/11/04 12:31:34 Получено 62 байт данных из PTY
2025/11/04 12:31:34 Получено 64 байт данных из PTY
2025/11/04 12:31:34 Получено 66 байт данных из PTY
2025/11/04 12:31:35 Получено 66 байт данных из PTY
2025/11/04 12:31:35 Получено 33 байт данных из PTY
2025/11/04 12:31:35 Получено 33 байт данных из PTY
2025/11/04 12:31:36 Получено 70 байт данных из PTY
2025/11/04 12:31:36 Получено 2 байт данных из PTY
2025/11/04 12:31:36 PTY I/O ошибка: read /dev/ptmx: input/output error, попытка 1/5
2025/11/04 12:31:36 PTY I/O ошибка: read /dev/ptmx: input/output error, попытка 2/5
2025/11/04 12:31:36 PTY I/O ошибка: read /dev/ptmx: input/output error, попытка 3/5
2025/11/04 12:31:36 PTY I/O ошибка: read /dev/ptmx: input/output error, попытка 4/5
2025/11/04 12:31:36 PTY I/O ошибка: read /dev/ptmx: input/output error, попытка 5/5
2025/11/04 12:31:36 Превышено максимальное количество попыток чтения из PTY
2025/11/04 12:31:36 Завершение PTY goroutine
2025/11/04 12:31:36 Завершение handlePtyOutput
2025/11/04 12:31:58 Начало processPtyCommand: [touch test]
2025/11/04 12:31:58 Размер терминала: 208x54
2025/11/04 12:31:58 PTY успешно создан, команда запущена
2025/11/04 12:31:58 Завершение processPtyCommand
2025/11/04 12:31:58 Начало handlePtyOutput
2025/11/04 12:31:58 PTY I/O ошибка: read /dev/ptmx: input/output error, попытка 1/5
2025/11/04 12:31:58 PTY I/O ошибка: read /dev/ptmx: input/output error, попытка 2/5
2025/11/04 12:31:58 PTY I/O ошибка: read /dev/ptmx: input/output error, попытка 3/5
2025/11/04 12:31:58 PTY I/O ошибка: read /dev/ptmx: input/output error, попытка 4/5
2025/11/04 12:31:58 PTY I/O ошибка: read /dev/ptmx: input/output error, попытка 5/5
2025/11/04 12:31:58 Превышено максимальное количество попыток чтения из PTY
2025/11/04 12:31:58 Завершение PTY goroutine
2025/11/04 12:31:58 Завершение handlePtyOutput
2025/11/04 12:32:32 Начало processPtyCommand: [mv test /home/stas]
2025/11/04 12:32:32 Размер терминала: 208x54
2025/11/04 12:32:32 PTY успешно создан, команда запущена
2025/11/04 12:32:32 Завершение processPtyCommand
2025/11/04 12:32:32 Начало handlePtyOutput
2025/11/04 12:32:32 PTY I/O ошибка: read /dev/ptmx: input/output error, попытка 1/5
2025/11/04 12:32:32 PTY I/O ошибка: read /dev/ptmx: input/output error, попытка 2/5
2025/11/04 12:32:32 PTY I/O ошибка: read /dev/ptmx: input/output error, попытка 3/5
2025/11/04 12:32:32 PTY I/O ошибка: read /dev/ptmx: input/output error, попытка 4/5
2025/11/04 12:32:33 PTY I/O ошибка: read /dev/ptmx: input/output error, попытка 5/5
2025/11/04 12:32:33 Превышено максимальное количество попыток чтения из PTY
2025/11/04 12:32:33 Завершение PTY goroutine
2025/11/04 12:32:33 Завершение handlePtyOutput
2025/11/04 12:32:38 Начало processPtyCommand: [ld -1]
2025/11/04 12:32:38 Размер терминала: 208x54
2025/11/04 12:32:38 PTY успешно создан, команда запущена
2025/11/04 12:32:38 Завершение processPtyCommand
2025/11/04 12:32:38 Начало handlePtyOutput
2025/11/04 12:32:38 Получено 79 байт данных из PTY
2025/11/04 12:32:38 PTY I/O ошибка: read /dev/ptmx: input/output error, попытка 1/5
2025/11/04 12:32:38 PTY I/O ошибка: read /dev/ptmx: input/output error, попытка 2/5
2025/11/04 12:32:38 PTY I/O ошибка: read /dev/ptmx: input/output error, попытка 3/5
2025/11/04 12:32:38 PTY I/O ошибка: read /dev/ptmx: input/output error, попытка 4/5
2025/11/04 12:32:38 PTY I/O ошибка: read /dev/ptmx: input/output error, попытка 5/5
2025/11/04 12:32:38 Превышено максимальное количество попыток чтения из PTY
2025/11/04 12:32:38 Завершение PTY goroutine
2025/11/04 12:32:38 Завершение handlePtyOutput
2025/11/04 12:34:55 Начало processPtyCommand: [sudo apt autoremove]
2025/11/04 12:34:55 Размер терминала: 207x54
2025/11/04 12:34:55 PTY успешно создан, команда запущена
2025/11/04 12:34:55 Завершение processPtyCommand
2025/11/04 12:34:55 Начало handlePtyOutput
2025/11/04 12:34:55 Получено 26 байт данных из PTY
2025/11/04 12:34:59 Получено 2 байт данных из PTY
2025/11/04 12:34:59 Получено 29 байт данных из PTY
2025/11/04 12:34:59 Получено 62 байт данных из PTY
2025/11/04 12:34:59 Получено 64 байт данных из PTY
2025/11/04 12:34:59 Получено 66 байт данных из PTY
2025/11/04 12:35:00 Получено 99 байт данных из PTY
2025/11/04 12:35:00 Получено 33 байт данных из PTY
2025/11/04 12:35:00 Получено 72 байт данных из PTY
2025/11/04 12:35:00 PTY I/O ошибка: read /dev/ptmx: input/output error, попытка 1/5
2025/11/04 12:35:00 PTY I/O ошибка: read /dev/ptmx: input/output error, попытка 2/5
2025/11/04 12:35:01 PTY I/O ошибка: read /dev/ptmx: input/output error, попытка 3/5
2025/11/04 12:35:01 PTY I/O ошибка: read /dev/ptmx: input/output error, попытка 4/5
2025/11/04 12:35:01 PTY I/O ошибка: read /dev/ptmx: input/output error, попытка 5/5
2025/11/04 12:35:01 Превышено максимальное количество попыток чтения из PTY
2025/11/04 12:35:01 Завершение PTY goroutine
2025/11/04 12:35:01 Завершение handlePtyOutput
2025/11/04 12:39:21 Начало processPtyCommand: [sudo apt autoremove]
2025/11/04 12:39:21 Размер терминала: 207x54
2025/11/04 12:39:21 PTY успешно создан, команда запущена
2025/11/04 12:39:21 Завершение processPtyCommand
2025/11/04 12:39:21 Начало handlePtyOutput
2025/11/04 12:39:21 Получено 26 байт данных из PTY
2025/11/04 12:39:25 Получено 2 байт данных из PTY
2025/11/04 12:39:25 Получено 29 байт данных из PTY
2025/11/04 12:39:25 Получено 62 байт данных из PTY
2025/11/04 12:39:25 Получено 64 байт данных из PTY
2025/11/04 12:39:25 Получено 66 байт данных из PTY
2025/11/04 12:39:26 Получено 66 байт данных из PTY
2025/11/04 12:39:26 Получено 33 байт данных из PTY
2025/11/04 12:39:26 Получено 33 байт данных из PTY
2025/11/04 12:39:26 Получено 72 байт данных из PTY
2025/11/04 12:39:26 PTY I/O ошибка: read /dev/ptmx: input/output error, попытка 1/10
2025/11/04 12:39:27 PTY I/O ошибка: read /dev/ptmx: input/output error, попытка 2/10
2025/11/04 12:39:27 PTY I/O ошибка: read /dev/ptmx: input/output error, попытка 3/10
2025/11/04 12:39:27 PTY I/O ошибка: read /dev/ptmx: input/output error, попытка 4/10
2025/11/04 12:39:27 PTY I/O ошибка: read /dev/ptmx: input/output error, попытка 5/10
2025/11/04 12:39:27 PTY I/O ошибка: read /dev/ptmx: input/output error, попытка 6/10
2025/11/04 12:39:27 PTY I/O ошибка: read /dev/ptmx: input/output error, попытка 7/10
2025/11/04 12:39:27 PTY I/O ошибка: read /dev/ptmx: input/output error, попытка 8/10
2025/11/04 12:39:27 PTY I/O ошибка: read /dev/ptmx: input/output error, попытка 9/10
2025/11/04 12:39:27 PTY I/O ошибка: read /dev/ptmx: input/output error, попытка 10/10
2025/11/04 12:39:27 Превышено максимальное количество попыток чтения из PTY
2025/11/04 12:39:27 Завершение PTY goroutine
2025/11/04 12:39:27 Завершение handlePtyOutput
2025/11/04 12:39:45 Начало processPtyCommand: [touch test]
2025/11/04 12:39:45 Размер терминала: 207x54
2025/11/04 12:39:45 PTY успешно создан, команда запущена
2025/11/04 12:39:45 Завершение processPtyCommand
2025/11/04 12:39:45 Начало handlePtyOutput
2025/11/04 12:39:45 PTY I/O ошибка: read /dev/ptmx: input/output error, попытка 1/10
2025/11/04 12:39:45 PTY I/O ошибка: read /dev/ptmx: input/output error, попытка 2/10
2025/11/04 12:39:45 PTY I/O ошибка: read /dev/ptmx: input/output error, попытка 3/10
2025/11/04 12:39:45 PTY I/O ошибка: read /dev/ptmx: input/output error, попытка 4/10
2025/11/04 12:39:45 PTY I/O ошибка: read /dev/ptmx: input/output error, попытка 5/10
2025/11/04 12:39:45 PTY I/O ошибка: read /dev/ptmx: input/output error, попытка 6/10
2025/11/04 12:39:45 PTY I/O ошибка: read /dev/ptmx: input/output error, попытка 7/10
2025/11/04 12:39:46 PTY I/O ошибка: read /dev/ptmx: input/output error, попытка 8/10
2025/11/04 12:39:46 PTY I/O ошибка: read /dev/ptmx: input/output error, попытка 9/10
2025/11/04 12:39:46 PTY I/O ошибка: read /dev/ptmx: input/output error, попытка 10/10
2025/11/04 12:39:46 Превышено максимальное количество попыток чтения из PTY
2025/11/04 12:39:46 Завершение PTY goroutine
2025/11/04 12:39:46 Завершение handlePtyOutput
2025/11/04 12:54:03 Начало processPtyCommand: [touch test3]
2025/11/04 12:54:03 Размер терминала: 207x54
2025/11/04 12:54:03 PTY успешно создан, команда запущена
2025/11/04 12:54:03 Завершение processPtyCommand
2025/11/04 12:54:03 Начало handlePtyOutput
2025/11/04 12:54:03 PTY I/O ошибка: read /dev/ptmx: input/output error, попытка 1/10
2025/11/04 12:54:03 Состояние PTY: ptmx=&{0xc0000706c0}, cmd=/usr/bin/zsh -c touch test3, inPtyMode=true
2025/11/04 12:54:03 Состояние процесса: pid=24898, exited=<nil>
2025/11/04 12:54:03 Закрытие PTY после завершения процесса
2025/11/04 12:54:04 Ошибка чтения из PTY: read /dev/ptmx: file already closed
2025/11/04 12:54:04 Завершение PTY goroutine
2025/11/04 12:54:04 Ожидание завершения процесса 24898
2025/11/04 12:54:04 Ошибка ожидания процесса: wait: no child processes
2025/11/04 12:54:04 Процесс завершен, но ProcessState еще не доступен
2025/11/04 12:54:04 Завершение handlePtyOutput
2025/11/04 12:54:36 Начало processPtyCommand: [mv test3 /home/stas]
2025/11/04 12:54:36 Размер терминала: 207x54
2025/11/04 12:54:36 PTY успешно создан, команда запущена
2025/11/04 12:54:36 Завершение processPtyCommand
2025/11/04 12:54:36 Начало handlePtyOutput
2025/11/04 12:54:36 Закрытие PTY после завершения процесса
2025/11/04 12:54:36 PTY I/O ошибка: read /dev/ptmx: input/output error, попытка 1/10
2025/11/04 12:54:36 Состояние PTY: ptmx=<nil>, cmd=/usr/bin/zsh -c mv test3 /home/stas, inPtyMode=true
2025/11/04 12:54:36 Состояние процесса: pid=24900, exited=<nil>
2025/11/04 12:54:36 Ошибка чтения из PTY: read /dev/ptmx: file already closed
2025/11/04 12:54:36 Завершение PTY goroutine
2025/11/04 12:54:36 Ожидание завершения процесса 24900
2025/11/04 12:54:36 Ошибка ожидания процесса: wait: no child processes
2025/11/04 12:54:36 Процесс завершен, но ProcessState еще не доступен
2025/11/04 12:54:36 Завершение handlePtyOutput
2025/11/04 13:11:02 Начало processPtyCommand: [sudo apt autoremove]
2025/11/04 13:11:02 Размер терминала: 207x54
2025/11/04 13:11:02 PTY успешно создан, команда запущена
2025/11/04 13:11:02 Завершение processPtyCommand
2025/11/04 13:11:02 Начало handlePtyOutput
2025/11/04 13:11:03 Получено 26 байт данных из PTY
2025/11/04 13:11:06 Получено 2 байт данных из PTY
2025/11/04 13:11:06 Получено 29 байт данных из PTY
2025/11/04 13:11:06 Получено 31 байт данных из PTY
2025/11/04 13:11:06 Получено 31 байт данных из PTY
2025/11/04 13:11:06 Получено 64 байт данных из PTY
2025/11/04 13:11:06 Получено 66 байт данных из PTY
2025/11/04 13:11:06 Получено 66 байт данных из PTY
2025/11/04 13:11:06 Получено 33 байт данных из PTY
2025/11/04 13:11:06 Получено 33 байт данных из PTY
2025/11/04 13:11:07 Получено 72 байт данных из PTY
2025/11/04 13:11:07 PTY I/O ошибка: read /dev/ptmx: input/output error, попытка 1/10
2025/11/04 13:11:07 Состояние PTY: ptmx=&{0xc000482120}, cmd=/usr/bin/zsh -c sudo apt autoremove, inPtyMode=true
2025/11/04 13:11:07 Состояние процесса: pid=26378, exited=<nil>
2025/11/04 13:11:07 Закрытие PTY после завершения процесса
2025/11/04 13:11:07 Ошибка чтения из PTY: read /dev/ptmx: file already closed
2025/11/04 13:11:07 Завершение PTY goroutine
2025/11/04 13:11:07 Ожидание завершения процесса 26378
2025/11/04 13:11:07 Ошибка ожидания процесса: wait: no child processes
2025/11/04 13:11:07 Процесс завершен, но ProcessState еще не доступен
2025/11/04 13:11:07 Завершение handlePtyOutput
